streamland_player1/build/intermediates/manifest_merge_blame_file/debug/manifest-merger-blame-debug-report.txt
1<?xml version="1.0" encoding="utf-8"?>
2<manifest xmlns:android="http://schemas.android.com/apk/res/android"
3    package="com.vxg.cloudsdk.streamland_player"
4    android:versionCode="1"
5    android:versionName="1.0" >
6
7    <uses-sdk
8        android:minSdkVersion="17"
8-->src\main\AndroidManifest.xml
9        android:targetSdkVersion="30" />
9-->src\main\AndroidManifest.xml
10
11    <uses-permission android:name="android.permission.CHANGE_NETWORK_STATE" />
11-->src\main\AndroidManifest.xml:24:5-79
11-->src\main\AndroidManifest.xml:24:22-76
12    <uses-permission android:name="android.permission.INTERNET" />
12-->src\main\AndroidManifest.xml:25:5-67
12-->src\main\AndroidManifest.xml:25:22-64
13    <uses-permission android:name="android.permission.CHANGE_WIFI_MULTICAST_STATE" />
13-->src\main\AndroidManifest.xml:26:5-86
13-->src\main\AndroidManifest.xml:26:22-83
14    <uses-permission android:name="android.permission.WRITE_EXTERNAL_STORAGE" />
14-->src\main\AndroidManifest.xml:27:5-81
14-->src\main\AndroidManifest.xml:27:22-78
15    <uses-permission android:name="android.permission.DISABLE_KEYGUARD" />
15-->src\main\AndroidManifest.xml:28:5-75
15-->src\main\AndroidManifest.xml:28:22-72
16    <uses-permission android:name="android.permission.WAKE_LOCK" />
16-->src\main\AndroidManifest.xml:29:5-68
16-->src\main\AndroidManifest.xml:29:22-65
17    <uses-permission android:name="android.permission.ACCESS_NETWORK_STATE" />
17-->src\main\AndroidManifest.xml:30:5-79
17-->src\main\AndroidManifest.xml:30:22-76
18    <uses-permission android:name="android.permission.RECORD_AUDIO" />
18-->[com.vxg.cloudsdk:cloudsdk:2.0.299] AndroidManifest.xml:14:5-71
18-->[com.vxg.cloudsdk:cloudsdk:2.0.299] AndroidManifest.xml:14:22-68
19
20    <uses-feature
20-->[com.vxg.cloudsdk:cloudsdk:2.0.299] AndroidManifest.xml:16:5-18:36
21        android:name="android.hardware.camera"
21-->[com.vxg.cloudsdk:cloudsdk:2.0.299] AndroidManifest.xml:17:9-47
22        android:required="false" />
22-->[com.vxg.cloudsdk:cloudsdk:2.0.299] AndroidManifest.xml:18:9-33
23    <uses-feature
23-->[com.vxg.cloudsdk:cloudsdk:2.0.299] AndroidManifest.xml:19:5-21:36
24        android:name="android.hardware.camera.autofocus"
24-->[com.vxg.cloudsdk:cloudsdk:2.0.299] AndroidManifest.xml:20:9-57
25        android:required="false" />
25-->[com.vxg.cloudsdk:cloudsdk:2.0.299] AndroidManifest.xml:21:9-33
26
27    <uses-permission
27-->[com.vxg.cloudsdk:cloudsdk:2.0.299] AndroidManifest.xml:23:5-25:36
28        android:name="android.permission.CAMERA"
28-->[com.vxg.cloudsdk:cloudsdk:2.0.299] AndroidManifest.xml:24:9-49
29        android:required="false" />
29-->[com.vxg.cloudsdk:cloudsdk:2.0.299] AndroidManifest.xml:25:9-33
30
31    <application
31-->src\main\AndroidManifest.xml:5:5-22:19
32        android:appComponentFactory="androidx.core.app.CoreComponentFactory"
32-->[androidx.core:core:1.0.0] AndroidManifest.xml:22:18-86
33        android:debuggable="true"
34        android:hardwareAccelerated="true"
34-->src\main\AndroidManifest.xml:6:9-43
35        android:icon="@drawable/ic_launcher"
35-->src\main\AndroidManifest.xml:7:9-45
36        android:label="@string/app_short_name"
36-->src\main\AndroidManifest.xml:8:9-47
37        android:largeHeap="true"
37-->src\main\AndroidManifest.xml:9:9-33
38        android:requestLegacyExternalStorage="true"
38-->[com.vxg.cloudsdk:cloudsdk:2.0.299] AndroidManifest.xml:30:9-52
39        android:testOnly="false"
39-->[com.vxg.cloudsdk:cloudsdk:2.0.299] AndroidManifest.xml:31:9-33
40        android:theme="@style/MyCustomTheme"
40-->src\main\AndroidManifest.xml:10:9-45
41        android:usesCleartextTraffic="true" >
41-->[com.vxg.cloudsdk:cloudsdk:2.0.299] AndroidManifest.xml:32:9-44
42        <activity
42-->src\main\AndroidManifest.xml:12:9-21:20
43            android:name="com.vxg.cloudsdk.streamland_player.MainActivity"
43-->src\main\AndroidManifest.xml:12:19-81
44            android:configChanges="orientation|keyboardHidden|screenSize"
44-->src\main\AndroidManifest.xml:13:13-74
45            android:windowSoftInputMode="adjustResize" >
45-->src\main\AndroidManifest.xml:14:13-55
46            <intent-filter>
46-->src\main\AndroidManifest.xml:16:13-20:29
47                <action android:name="android.intent.action.MAIN" />
47-->src\main\AndroidManifest.xml:17:17-69
47-->src\main\AndroidManifest.xml:17:25-66
48
49                <category android:name="android.intent.category.LAUNCHER" />
49-->src\main\AndroidManifest.xml:19:17-77
49-->src\main\AndroidManifest.xml:19:27-74
50            </intent-filter>
51        </activity>
52
53        <uses-library
53-->[com.vxg.cloudsdk:cloudsdk:2.0.299] AndroidManifest.xml:33:9-35:40
54            android:name="org.apache.http.legacy"
54-->[com.vxg.cloudsdk:cloudsdk:2.0.299] AndroidManifest.xml:34:13-50
55            android:required="false" />
55-->[com.vxg.cloudsdk:cloudsdk:2.0.299] AndroidManifest.xml:35:13-37
56    </application>
57
58</manifest>